2026-05-11 09:56:39 - Starting Application using Java 17.0.1 with PID 4428 (/Applications/MAMP/htdocs/PHP/visume/backend/target/classes started by israel in /Applications/MAMP/htdocs/PHP/visume/backend)
2026-05-11 09:56:39 - Running with Spring Boot v4.0.3, Spring v7.0.5
2026-05-11 09:56:39 - No active profile set, falling back to 1 default profile: "default"
2026-05-11 09:56:39 - Bootstrapping Spring Data JPA repositories in DEFAULT mode.
2026-05-11 09:56:39 - Finished Spring Data repository scanning in 8 ms. Found 9 JPA repository interfaces.
2026-05-11 09:56:39 - Tomcat initialized with port 8080 (http)
2026-05-11 09:56:39 - Starting service [Tomcat]
2026-05-11 09:56:39 - Starting Servlet engine: [Apache Tomcat/11.0.18]
2026-05-11 09:56:39 - Root WebApplicationContext: initialization completed in 240 ms
2026-05-11 09:56:39 - Filter 'jwtFilter' configured for use
2026-05-11 09:56:39 - HHH008540: Processing PersistenceUnitInfo [name: default]
2026-05-11 09:56:39 - No LoadTimeWeaver setup: ignoring JPA class transformer
2026-05-11 09:56:39 - HikariPool-2 - Starting...
2026-05-11 09:56:39 - HikariPool-2 - Added connection com.mysql.cj.jdbc.ConnectionImpl@dd6ef18
2026-05-11 09:56:39 - HikariPool-2 - Start completed.
2026-05-11 09:56:39 - HHH10001005: Database info:
	Database JDBC URL [jdbc:mysql://localhost:8889/visume?useSSL=false&serverTimezone=UTC]
	Database driver: MySQL Connector/J
	Database dialect: MySQLDialect
	Database version: 8.0.44
	Default catalog/schema: visume/undefined
	Autocommit mode: undefined/unknown
	Isolation level: REPEATABLE_READ [default REPEATABLE_READ]
	JDBC fetch size: none
	Pool: DataSourceConnectionProvider
	Minimum pool size: undefined/unknown
	Maximum pool size: undefined/unknown
2026-05-11 09:56:39 - HHH000489: No JTA platform available (set 'hibernate.transaction.jta.platform' to enable JTA platform integration)
2026-05-11 09:56:39 - Initialized JPA EntityManagerFactory for persistence unit 'default'
2026-05-11 09:56:39 - spring.jpa.open-in-view is enabled by default. Therefore, database queries may be performed during view rendering. Explicitly configure spring.jpa.open-in-view to disable this warning
2026-05-11 09:56:39 - 

Using generated security password: 9683e03d-191c-42ae-ae24-e0ea834250ee

This generated password is for development use only. Your security configuration must be updated before running your application in production.

2026-05-11 09:56:39 - Global AuthenticationManager configured with UserDetailsService bean with name inMemoryUserDetailsManager
2026-05-11 09:56:40 - Tomcat started on port 8080 (http) with context path '/'
2026-05-11 09:56:40 - Started Application in 0.67 seconds (process running for 2712.086)
2026-05-11 09:56:40 - Condition evaluation unchanged
2026-05-11 09:57:35 - Initializing Spring DispatcherServlet 'dispatcherServlet'
2026-05-11 09:57:35 - Initializing Servlet 'dispatcherServlet'
2026-05-11 09:57:35 - Completed initialization in 7 ms
2026-05-11 09:58:34 - Restarting due to 1 class path change (0 additions, 0 deletions, 1 modification)
2026-05-11 09:58:34 - Commencing graceful shutdown. Waiting for active requests to complete
2026-05-11 09:58:34 - Graceful shutdown complete
2026-05-11 09:58:34 - Closing JPA EntityManagerFactory for persistence unit 'default'
2026-05-11 09:58:34 - HikariPool-2 - Shutdown initiated...
2026-05-11 09:58:34 - HikariPool-2 - Shutdown completed.
